TN:
SF:src\index.ts
FN:27,(anonymous_1)
FNF:1
FNH:1
FNDA:1,(anonymous_1)
DA:2,1
DA:4,1
DA:5,1
DA:6,1
DA:8,1
DA:9,1
DA:22,1
DA:23,1
DA:24,1
DA:26,1
DA:27,1
DA:28,1
DA:32,1
LF:13
LH:13
BRF:0
BRH:0
end_of_record
TN:
SF:src\accesories\cloudinary.ts
FNF:0
FNH:0
DA:1,1
DA:2,1
DA:3,1
DA:4,1
DA:9,1
LF:5
LH:5
BRF:0
BRH:0
end_of_record
TN:
SF:src\accesories\multer.ts
FN:6,(anonymous_1)
FNF:1
FNH:0
FNDA:0,(anonymous_1)
DA:1,1
DA:2,1
DA:4,1
DA:6,1
DA:7,0
DA:9,0
DA:10,0
DA:11,0
DA:14,0
DA:17,1
DA:22,1
LF:11
LH:6
BRDA:9,0,0,0
BRDA:9,1,0,0
BRDA:9,1,1,0
BRDA:9,1,2,0
BRF:4
BRH:0
end_of_record
TN:
SF:src\config\DB.ts
FN:8,(anonymous_8)
FN:8,(anonymous_9)
FNF:2
FNH:2
FNDA:1,(anonymous_8)
FNDA:1,(anonymous_9)
DA:1,1
DA:2,1
DA:4,1
DA:6,1
DA:8,1
DA:9,1
DA:10,1
DA:11,1
DA:13,0
DA:17,1
LF:10
LH:9
BRF:0
BRH:0
end_of_record
TN:
SF:src\controller\Querries.ts
FN:6,(anonymous_8)
FN:6,(anonymous_9)
FN:28,(anonymous_10)
FN:28,(anonymous_11)
FN:56,(anonymous_12)
FN:56,(anonymous_13)
FNF:6
FNH:6
FNDA:1,(anonymous_8)
FNDA:1,(anonymous_9)
FNDA:2,(anonymous_10)
FNDA:2,(anonymous_11)
FNDA:1,(anonymous_12)
FNDA:1,(anonymous_13)
DA:2,1
DA:4,1
DA:6,1
DA:7,1
DA:9,1
DA:10,1
DA:11,1
DA:12,1
DA:14,0
DA:15,0
DA:16,0
DA:18,0
DA:20,0
DA:21,0
DA:24,0
DA:28,2
DA:29,2
DA:30,2
DA:31,2
DA:33,0
DA:56,1
DA:57,1
DA:58,1
DA:59,0
DA:60,0
DA:63,0
DA:66,1
LF:27
LH:16
BRDA:11,0,0,1
BRDA:15,1,0,0
BRDA:59,2,0,0
BRF:3
BRH:1
end_of_record
TN:
SF:src\controller\commentController.ts
FN:9,(anonymous_8)
FN:9,(anonymous_9)
FN:35,(anonymous_10)
FN:35,(anonymous_11)
FN:53,(anonymous_12)
FN:53,(anonymous_13)
FN:64,(anonymous_14)
FN:64,(anonymous_15)
FN:73,(anonymous_16)
FN:73,(anonymous_17)
FNF:10
FNH:8
FNDA:2,(anonymous_8)
FNDA:2,(anonymous_9)
FNDA:1,(anonymous_10)
FNDA:1,(anonymous_11)
FNDA:0,(anonymous_12)
FNDA:0,(anonymous_13)
FNDA:1,(anonymous_14)
FNDA:1,(anonymous_15)
FNDA:1,(anonymous_16)
FNDA:1,(anonymous_17)
DA:3,1
DA:5,1
DA:9,2
DA:10,2
DA:11,2
DA:12,2
DA:13,2
DA:14,2
DA:16,0
DA:17,0
DA:20,0
DA:21,0
DA:24,0
DA:27,0
DA:29,0
DA:31,0
DA:32,0
DA:35,1
DA:36,1
DA:37,1
DA:39,1
DA:41,1
DA:49,0
DA:53,1
DA:54,0
DA:55,0
DA:56,0
DA:57,0
DA:59,0
DA:61,0
DA:64,1
DA:65,1
DA:66,1
DA:67,0
DA:70,1
DA:73,1
DA:74,1
DA:75,1
DA:76,1
DA:77,1
DA:78,1
DA:80,0
DA:81,0
DA:83,0
LF:44
LH:24
BRDA:13,0,0,2
BRDA:20,1,0,0
BRDA:56,2,0,0
BRDA:77,3,0,1
BRF:4
BRH:2
end_of_record
TN:
SF:src\controller\controllers.ts
FN:7,(anonymous_8)
FN:7,(anonymous_9)
FN:29,(anonymous_10)
FN:29,(anonymous_11)
FN:39,(anonymous_12)
FN:39,(anonymous_13)
FN:62,(anonymous_14)
FN:62,(anonymous_15)
FN:76,(anonymous_16)
FN:76,(anonymous_17)
FN:85,(anonymous_18)
FN:85,(anonymous_19)
FN:100,(anonymous_20)
FN:100,(anonymous_21)
FNF:14
FNH:12
FNDA:1,(anonymous_8)
FNDA:1,(anonymous_9)
FNDA:2,(anonymous_10)
FNDA:2,(anonymous_11)
FNDA:1,(anonymous_12)
FNDA:1,(anonymous_13)
FNDA:1,(anonymous_14)
FNDA:1,(anonymous_15)
FNDA:1,(anonymous_16)
FNDA:1,(anonymous_17)
FNDA:1,(anonymous_18)
FNDA:1,(anonymous_19)
FNDA:0,(anonymous_20)
FNDA:0,(anonymous_21)
DA:2,1
DA:3,1
DA:5,1
DA:7,1
DA:9,1
DA:10,1
DA:13,1
DA:14,1
DA:15,1
DA:17,0
DA:18,0
DA:20,0
DA:21,0
DA:24,0
DA:26,0
DA:29,2
DA:30,2
DA:31,2
DA:32,2
DA:34,0
DA:39,1
DA:40,1
DA:41,1
DA:42,0
DA:43,0
DA:45,0
DA:47,1
DA:62,1
DA:63,1
DA:64,1
DA:65,1
DA:66,1
DA:67,1
DA:69,0
DA:70,0
DA:72,0
DA:76,1
DA:77,1
DA:78,1
DA:79,0
DA:81,1
DA:85,1
DA:86,1
DA:87,1
DA:88,1
DA:89,0
DA:90,0
DA:92,0
DA:93,0
DA:94,0
DA:96,1
DA:97,1
DA:100,1
DA:102,0
DA:103,0
DA:105,0
DA:106,0
DA:108,0
DA:110,0
LF:59
LH:34
BRDA:14,0,0,1
BRDA:17,1,0,0
BRDA:42,2,0,0
BRDA:66,3,0,1
BRDA:89,4,0,0
BRDA:105,5,0,0
BRF:6
BRH:2
end_of_record
TN:
SF:src\controller\user.ts
FN:11,(anonymous_8)
FN:11,(anonymous_9)
FN:48,(anonymous_10)
FN:48,(anonymous_11)
FNF:4
FNH:4
FNDA:1,(anonymous_8)
FNDA:1,(anonymous_9)
FNDA:2,(anonymous_10)
FNDA:2,(anonymous_11)
DA:1,1
DA:2,1
DA:3,1
DA:4,1
DA:5,1
DA:7,1
DA:9,1
DA:11,1
DA:12,1
DA:13,1
DA:14,1
DA:15,1
DA:16,1
DA:19,0
DA:20,0
DA:21,0
DA:22,0
DA:25,0
DA:27,0
DA:28,0
DA:29,0
DA:30,0
DA:31,0
DA:32,0
DA:33,0
DA:37,0
DA:44,0
DA:48,2
DA:49,2
DA:51,2
DA:52,2
DA:53,0
DA:58,2
DA:59,2
DA:60,2
DA:61,2
DA:65,2
DA:66,0
DA:72,2
DA:73,2
DA:74,2
DA:78,2
DA:84,0
DA:91,0
LF:44
LH:26
BRDA:14,0,0,1
BRDA:21,1,0,0
BRDA:21,1,1,0
BRDA:30,2,0,0
BRDA:31,3,0,0
BRDA:31,3,1,0
BRDA:32,4,0,0
BRDA:32,4,1,0
BRDA:52,5,0,0
BRDA:60,6,0,2
BRDA:60,6,1,0
BRDA:65,7,0,0
BRDA:65,7,1,2
BRDA:72,8,0,2
BRDA:72,8,1,2
BRDA:73,9,0,2
BRDA:73,9,1,2
BRF:17
BRH:7
end_of_record
TN:
SF:src\models\Querries.ts
FNF:0
FNH:0
DA:2,1
DA:12,1
DA:18,1
DA:19,1
LF:4
LH:4
BRF:0
BRH:0
end_of_record
TN:
SF:src\models\comment.ts
FNF:0
FNH:0
DA:2,1
DA:13,1
DA:22,1
DA:24,1
LF:4
LH:4
BRF:0
BRH:0
end_of_record
TN:
SF:src\models\post.ts
FNF:0
FNH:0
DA:1,1
DA:3,1
DA:11,1
DA:17,1
LF:4
LH:4
BRF:0
BRH:0
end_of_record
TN:
SF:src\models\user.ts
FNF:0
FNH:0
DA:1,1
DA:10,1
DA:33,1
LF:3
LH:3
BRF:0
BRH:0
end_of_record
TN:
SF:src\routes\routes.ts
FNF:0
FNH:0
DA:1,1
DA:2,1
DA:3,1
DA:4,1
DA:5,1
DA:6,1
DA:8,1
DA:11,1
DA:12,1
DA:13,1
DA:14,1
DA:15,1
DA:19,1
DA:20,1
DA:21,1
DA:22,1
DA:23,1
DA:24,1
DA:27,1
DA:28,1
DA:29,1
DA:32,1
DA:33,1
DA:36,1
DA:37,1
DA:39,1
LF:26
LH:26
BRF:0
BRH:0
end_of_record
TN:
SF:src\validations\Querriesvalidation.ts
FNF:0
FNH:0
DA:1,1
DA:2,1
LF:2
LH:2
BRF:0
BRH:0
end_of_record
TN:
SF:src\validations\commentsvalidation.ts
FNF:0
FNH:0
DA:1,1
DA:2,1
LF:2
LH:2
BRF:0
BRH:0
end_of_record
TN:
SF:src\validations\postvalidation.ts
FNF:0
FNH:0
DA:1,1
DA:2,1
LF:2
LH:2
BRF:0
BRH:0
end_of_record
TN:
SF:src\validations\userval.ts
FNF:0
FNH:0
DA:1,1
DA:3,1
DA:9,1
LF:3
LH:3
BRF:0
BRH:0
end_of_record
