{"C:\\Users\\REMY\\Desktop\\ANDELA\\RWEMAREMY-MY-brand-Back-End-1\\learn-express\\typescript\\src\\index.ts": {"path":"C:\\Users\\REMY\\Desktop\\ANDELA\\RWEMAREMY-MY-brand-Back-End-1\\learn-express\\typescript\\src\\index.ts","statementMap":{"0":{"start":{"line":2,"column":0},"end":{"line":2,"column":30}},"1":{"start":{"line":4,"column":0},"end":{"line":4,"column":37}},"2":{"start":{"line":5,"column":0},"end":{"line":5,"column":28}},"3":{"start":{"line":6,"column":0},"end":{"line":6,"column":29}},"4":{"start":{"line":7,"column":0},"end":{"line":7,"column":50}},"5":{"start":{"line":8,"column":0},"end":{"line":8,"column":43}},"6":{"start":{"line":9,"column":0},"end":{"line":9,"column":24}},"7":{"start":{"line":14,"column":0},"end":{"line":14,"column":16}},"8":{"start":{"line":15,"column":12},"end":{"line":15,"column":28}},"9":{"start":{"line":28,"column":12},"end":{"line":28,"column":21}},"10":{"start":{"line":29,"column":0},"end":{"line":29,"column":24}},"11":{"start":{"line":30,"column":0},"end":{"line":30,"column":24}},"12":{"start":{"line":32,"column":0},"end":{"line":32,"column":5}},"13":{"start":{"line":33,"column":0},"end":{"line":35,"column":3}},"14":{"start":{"line":34,"column":2},"end":{"line":34,"column":37}},"15":{"start":{"line":36,"column":0},"end":{"line":36,"column":null}},"16":{"start":{"line":37,"column":0},"end":{"line":37,"column":16}},"17":{"start":{"line":38,"column":0},"end":{"line":38,"column":19}}},"fnMap":{"0":{"name":"(anonymous_7)","decl":{"start":{"line":33,"column":17},"end":{"line":33,"column":20}},"loc":{"start":{"line":33,"column":22},"end":{"line":35,"column":1}}}},"branchMap":{},"s":{"0":1,"1":1,"2":1,"3":1,"4":1,"5":1,"6":1,"7":1,"8":1,"9":1,"10":1,"11":1,"12":1,"13":1,"14":1,"15":1,"16":1,"17":1},"f":{"0":1},"b":{}}
,"C:\\Users\\REMY\\Desktop\\ANDELA\\RWEMAREMY-MY-brand-Back-End-1\\learn-express\\typescript\\src\\accesories\\cloudinary.ts": {"path":"C:\\Users\\REMY\\Desktop\\ANDELA\\RWEMAREMY-MY-brand-Back-End-1\\learn-express\\typescript\\src\\accesories\\cloudinary.ts","statementMap":{"0":{"start":{"line":1,"column":0},"end":{"line":1,"column":46}},"1":{"start":{"line":2,"column":0},"end":{"line":2,"column":28}},"2":{"start":{"line":3,"column":0},"end":{"line":3,"column":16}},"3":{"start":{"line":4,"column":0},"end":{"line":8,"column":3}},"4":{"start":{"line":9,"column":0},"end":{"line":9,"column":26}}},"fnMap":{},"branchMap":{},"s":{"0":1,"1":1,"2":1,"3":1,"4":1},"f":{},"b":{}}
,"C:\\Users\\REMY\\Desktop\\ANDELA\\RWEMAREMY-MY-brand-Back-End-1\\learn-express\\typescript\\src\\accesories\\multer.ts": {"path":"C:\\Users\\REMY\\Desktop\\ANDELA\\RWEMAREMY-MY-brand-Back-End-1\\learn-express\\typescript\\src\\accesories\\multer.ts","statementMap":{"0":{"start":{"line":1,"column":0},"end":{"line":1,"column":28}},"1":{"start":{"line":2,"column":0},"end":{"line":2,"column":24}},"2":{"start":{"line":4,"column":16},"end":{"line":4,"column":38}},"3":{"start":{"line":6,"column":19},"end":{"line":15,"column":1}},"4":{"start":{"line":7,"column":20},"end":{"line":7,"column":65}},"5":{"start":{"line":9,"column":2},"end":{"line":12,"column":3}},"6":{"start":{"line":10,"column":4},"end":{"line":10,"column":39}},"7":{"start":{"line":11,"column":4},"end":{"line":11,"column":11}},"8":{"start":{"line":14,"column":2},"end":{"line":14,"column":17}},"9":{"start":{"line":17,"column":13},"end":{"line":20,"column":2}},"10":{"start":{"line":22,"column":0},"end":{"line":22,"column":20}}},"fnMap":{"0":{"name":"(anonymous_1)","decl":{"start":{"line":6,"column":19},"end":{"line":6,"column":20}},"loc":{"start":{"line":6,"column":108},"end":{"line":15,"column":1}}}},"branchMap":{"0":{"loc":{"start":{"line":9,"column":2},"end":{"line":12,"column":3}},"type":"if","locations":[{"start":{"line":9,"column":2},"end":{"line":12,"column":3}}]},"1":{"loc":{"start":{"line":9,"column":8},"end":{"line":9,"column":77}},"type":"binary-expr","locations":[{"start":{"line":9,"column":8},"end":{"line":9,"column":28}},{"start":{"line":9,"column":32},"end":{"line":9,"column":53}},{"start":{"line":9,"column":57},"end":{"line":9,"column":77}}]}},"s":{"0":1,"1":1,"2":1,"3":1,"4":0,"5":0,"6":0,"7":0,"8":0,"9":1,"10":1},"f":{"0":0},"b":{"0":[0],"1":[0,0,0]}}
,"C:\\Users\\REMY\\Desktop\\ANDELA\\RWEMAREMY-MY-brand-Back-End-1\\learn-express\\typescript\\src\\config\\DB.ts": {"path":"C:\\Users\\REMY\\Desktop\\ANDELA\\RWEMAREMY-MY-brand-Back-End-1\\learn-express\\typescript\\src\\config\\DB.ts","statementMap":{"0":{"start":{"line":1,"column":0},"end":{"line":1,"column":32}},"1":{"start":{"line":2,"column":0},"end":{"line":2,"column":28}},"2":{"start":{"line":4,"column":0},"end":{"line":4,"column":16}},"3":{"start":{"line":6,"column":25},"end":{"line":6,"column":49}},"4":{"start":{"line":8,"column":11},"end":{"line":15,"column":2}},"5":{"start":{"line":8,"column":37},"end":{"line":15,"column":2}},"6":{"start":{"line":9,"column":2},"end":{"line":14,"column":3}},"7":{"start":{"line":10,"column":4},"end":{"line":10,"column":37}},"8":{"start":{"line":11,"column":4},"end":{"line":11,"column":34}},"9":{"start":{"line":13,"column":4},"end":{"line":13,"column":25}},"10":{"start":{"line":17,"column":0},"end":{"line":17,"column":18}}},"fnMap":{"0":{"name":"(anonymous_8)","decl":{"start":{"line":8,"column":11},"end":{"line":8,"column":35}},"loc":{"start":{"line":8,"column":37},"end":{"line":15,"column":2}}},"1":{"name":"(anonymous_9)","decl":{"start":{"line":8,"column":37},"end":{"line":8,"column":null}},"loc":{"start":{"line":8,"column":37},"end":{"line":15,"column":1}}}},"branchMap":{},"s":{"0":1,"1":1,"2":1,"3":1,"4":1,"5":1,"6":1,"7":1,"8":1,"9":0,"10":1},"f":{"0":1,"1":1},"b":{}}
,"C:\\Users\\REMY\\Desktop\\ANDELA\\RWEMAREMY-MY-brand-Back-End-1\\learn-express\\typescript\\src\\controller\\Querries.ts": {"path":"C:\\Users\\REMY\\Desktop\\ANDELA\\RWEMAREMY-MY-brand-Back-End-1\\learn-express\\typescript\\src\\controller\\Querries.ts","statementMap":{"0":{"start":{"line":2,"column":0},"end":{"line":2,"column":40}},"1":{"start":{"line":4,"column":0},"end":{"line":4,"column":59}},"2":{"start":{"line":6,"column":27},"end":{"line":26,"column":2}},"3":{"start":{"line":6,"column":60},"end":{"line":26,"column":2}},"4":{"start":{"line":7,"column":4},"end":{"line":25,"column":5}},"5":{"start":{"line":9,"column":37},"end":{"line":9,"column":45}},"6":{"start":{"line":10,"column":26},"end":{"line":10,"column":69}},"7":{"start":{"line":11,"column":8},"end":{"line":13,"column":9}},"8":{"start":{"line":12,"column":10},"end":{"line":12,"column":75}},"9":{"start":{"line":14,"column":27},"end":{"line":14,"column":41}},"10":{"start":{"line":15,"column":8},"end":{"line":17,"column":9}},"11":{"start":{"line":16,"column":12},"end":{"line":16,"column":62}},"12":{"start":{"line":18,"column":27},"end":{"line":19,"column":53}},"13":{"start":{"line":20,"column":11},"end":{"line":20,"column":null}},"14":{"start":{"line":21,"column":11},"end":{"line":21,"column":null}},"15":{"start":{"line":24,"column":8},"end":{"line":24,"column":66}},"16":{"start":{"line":6,"column":13},"end":{"line":6,"column":27}},"17":{"start":{"line":28,"column":28},"end":{"line":35,"column":2}},"18":{"start":{"line":28,"column":66},"end":{"line":35,"column":2}},"19":{"start":{"line":29,"column":4},"end":{"line":34,"column":5}},"20":{"start":{"line":30,"column":24},"end":{"line":30,"column":43}},"21":{"start":{"line":31,"column":8},"end":{"line":31,"column":26}},"22":{"start":{"line":33,"column":8},"end":{"line":33,"column":55}},"23":{"start":{"line":28,"column":13},"end":{"line":28,"column":28}},"24":{"start":{"line":56,"column":30},"end":{"line":68,"column":2}},"25":{"start":{"line":56,"column":63},"end":{"line":68,"column":2}},"26":{"start":{"line":57,"column":4},"end":{"line":67,"column":5}},"27":{"start":{"line":58,"column":28},"end":{"line":58,"column":64}},"28":{"start":{"line":59,"column":8},"end":{"line":62,"column":9}},"29":{"start":{"line":60,"column":12},"end":{"line":60,"column":58}},"30":{"start":{"line":63,"column":8},"end":{"line":63,"column":null}},"31":{"start":{"line":66,"column":8},"end":{"line":66,"column":66}},"32":{"start":{"line":56,"column":13},"end":{"line":56,"column":30}}},"fnMap":{"0":{"name":"(anonymous_8)","decl":{"start":{"line":6,"column":27},"end":{"line":6,"column":33}},"loc":{"start":{"line":6,"column":60},"end":{"line":26,"column":2}}},"1":{"name":"(anonymous_9)","decl":{"start":{"line":6,"column":60},"end":{"line":6,"column":null}},"loc":{"start":{"line":6,"column":60},"end":{"line":26,"column":1}}},"2":{"name":"(anonymous_10)","decl":{"start":{"line":28,"column":28},"end":{"line":28,"column":35}},"loc":{"start":{"line":28,"column":66},"end":{"line":35,"column":2}}},"3":{"name":"(anonymous_11)","decl":{"start":{"line":28,"column":66},"end":{"line":28,"column":null}},"loc":{"start":{"line":28,"column":66},"end":{"line":35,"column":1}}},"4":{"name":"(anonymous_12)","decl":{"start":{"line":56,"column":30},"end":{"line":56,"column":36}},"loc":{"start":{"line":56,"column":63},"end":{"line":68,"column":2}}},"5":{"name":"(anonymous_13)","decl":{"start":{"line":56,"column":63},"end":{"line":56,"column":null}},"loc":{"start":{"line":56,"column":63},"end":{"line":68,"column":1}}}},"branchMap":{"0":{"loc":{"start":{"line":11,"column":8},"end":{"line":13,"column":9}},"type":"if","locations":[{"start":{"line":11,"column":8},"end":{"line":13,"column":9}}]},"1":{"loc":{"start":{"line":15,"column":8},"end":{"line":17,"column":9}},"type":"if","locations":[{"start":{"line":15,"column":8},"end":{"line":17,"column":9}}]},"2":{"loc":{"start":{"line":59,"column":8},"end":{"line":62,"column":9}},"type":"if","locations":[{"start":{"line":59,"column":8},"end":{"line":62,"column":9}}]}},"s":{"0":1,"1":1,"2":1,"3":1,"4":1,"5":1,"6":1,"7":1,"8":1,"9":0,"10":0,"11":0,"12":0,"13":0,"14":0,"15":0,"16":1,"17":1,"18":2,"19":2,"20":2,"21":2,"22":0,"23":1,"24":1,"25":1,"26":1,"27":1,"28":0,"29":0,"30":0,"31":1,"32":1},"f":{"0":1,"1":1,"2":2,"3":2,"4":1,"5":1},"b":{"0":[1],"1":[0],"2":[0]}}
,"C:\\Users\\REMY\\Desktop\\ANDELA\\RWEMAREMY-MY-brand-Back-End-1\\learn-express\\typescript\\src\\controller\\commentController.ts": {"path":"C:\\Users\\REMY\\Desktop\\ANDELA\\RWEMAREMY-MY-brand-Back-End-1\\learn-express\\typescript\\src\\controller\\commentController.ts","statementMap":{"0":{"start":{"line":3,"column":0},"end":{"line":3,"column":40}},"1":{"start":{"line":4,"column":0},"end":{"line":4,"column":34}},"2":{"start":{"line":6,"column":0},"end":{"line":6,"column":61}},"3":{"start":{"line":10,"column":29},"end":{"line":29,"column":2}},"4":{"start":{"line":10,"column":67},"end":{"line":29,"column":2}},"5":{"start":{"line":11,"column":2},"end":{"line":28,"column":3}},"6":{"start":{"line":13,"column":19},"end":{"line":13,"column":32}},"7":{"start":{"line":14,"column":17},"end":{"line":14,"column":52}},"8":{"start":{"line":15,"column":4},"end":{"line":17,"column":5}},"9":{"start":{"line":16,"column":6},"end":{"line":16,"column":58}},"10":{"start":{"line":18,"column":23},"end":{"line":23,"column":6}},"11":{"start":{"line":24,"column":4},"end":{"line":24,"column":28}},"12":{"start":{"line":25,"column":4},"end":{"line":25,"column":37}},"13":{"start":{"line":27,"column":4},"end":{"line":27,"column":54}},"14":{"start":{"line":10,"column":13},"end":{"line":10,"column":29}},"15":{"start":{"line":30,"column":27},"end":{"line":46,"column":2}},"16":{"start":{"line":30,"column":65},"end":{"line":46,"column":2}},"17":{"start":{"line":31,"column":2},"end":{"line":45,"column":3}},"18":{"start":{"line":32,"column":21},"end":{"line":32,"column":34}},"19":{"start":{"line":34,"column":19},"end":{"line":34,"column":39}},"20":{"start":{"line":36,"column":6},"end":{"line":36,"column":33}},"21":{"start":{"line":44,"column":6},"end":{"line":44,"column":64}},"22":{"start":{"line":30,"column":13},"end":{"line":30,"column":27}},"23":{"start":{"line":48,"column":30},"end":{"line":58,"column":2}},"24":{"start":{"line":48,"column":68},"end":{"line":58,"column":2}},"25":{"start":{"line":49,"column":2},"end":{"line":57,"column":3}},"26":{"start":{"line":50,"column":19},"end":{"line":50,"column":57}},"27":{"start":{"line":51,"column":6},"end":{"line":53,"column":5}},"28":{"start":{"line":52,"column":8},"end":{"line":52,"column":94}},"29":{"start":{"line":54,"column":6},"end":{"line":54,"column":33}},"30":{"start":{"line":56,"column":6},"end":{"line":56,"column":73}},"31":{"start":{"line":48,"column":13},"end":{"line":48,"column":30}},"32":{"start":{"line":59,"column":27},"end":{"line":67,"column":2}},"33":{"start":{"line":59,"column":60},"end":{"line":67,"column":2}},"34":{"start":{"line":60,"column":0},"end":{"line":66,"column":1}},"35":{"start":{"line":61,"column":2},"end":{"line":61,"column":49}},"36":{"start":{"line":62,"column":0},"end":{"line":62,"column":45}},"37":{"start":{"line":65,"column":2},"end":{"line":65,"column":51}},"38":{"start":{"line":59,"column":13},"end":{"line":59,"column":27}},"39":{"start":{"line":68,"column":29},"end":{"line":80,"column":2}},"40":{"start":{"line":68,"column":67},"end":{"line":80,"column":2}},"41":{"start":{"line":69,"column":2},"end":{"line":79,"column":3}},"42":{"start":{"line":70,"column":31},"end":{"line":70,"column":39}},"43":{"start":{"line":71,"column":22},"end":{"line":71,"column":64}},"44":{"start":{"line":72,"column":4},"end":{"line":74,"column":5}},"45":{"start":{"line":73,"column":6},"end":{"line":73,"column":71}},"46":{"start":{"line":75,"column":22},"end":{"line":75,"column":107}},"47":{"start":{"line":76,"column":6},"end":{"line":76,"column":36}},"48":{"start":{"line":78,"column":6},"end":{"line":78,"column":53}},"49":{"start":{"line":68,"column":13},"end":{"line":68,"column":29}}},"fnMap":{"0":{"name":"(anonymous_8)","decl":{"start":{"line":10,"column":29},"end":{"line":10,"column":36}},"loc":{"start":{"line":10,"column":67},"end":{"line":29,"column":2}}},"1":{"name":"(anonymous_9)","decl":{"start":{"line":10,"column":67},"end":{"line":10,"column":null}},"loc":{"start":{"line":10,"column":67},"end":{"line":29,"column":1}}},"2":{"name":"(anonymous_10)","decl":{"start":{"line":30,"column":27},"end":{"line":30,"column":34}},"loc":{"start":{"line":30,"column":65},"end":{"line":46,"column":2}}},"3":{"name":"(anonymous_11)","decl":{"start":{"line":30,"column":65},"end":{"line":30,"column":null}},"loc":{"start":{"line":30,"column":65},"end":{"line":46,"column":1}}},"4":{"name":"(anonymous_12)","decl":{"start":{"line":48,"column":30},"end":{"line":48,"column":37}},"loc":{"start":{"line":48,"column":68},"end":{"line":58,"column":2}}},"5":{"name":"(anonymous_13)","decl":{"start":{"line":48,"column":68},"end":{"line":48,"column":null}},"loc":{"start":{"line":48,"column":68},"end":{"line":58,"column":1}}},"6":{"name":"(anonymous_14)","decl":{"start":{"line":59,"column":27},"end":{"line":59,"column":33}},"loc":{"start":{"line":59,"column":60},"end":{"line":67,"column":2}}},"7":{"name":"(anonymous_15)","decl":{"start":{"line":59,"column":60},"end":{"line":59,"column":null}},"loc":{"start":{"line":59,"column":60},"end":{"line":67,"column":1}}},"8":{"name":"(anonymous_16)","decl":{"start":{"line":68,"column":29},"end":{"line":68,"column":36}},"loc":{"start":{"line":68,"column":67},"end":{"line":80,"column":2}}},"9":{"name":"(anonymous_17)","decl":{"start":{"line":68,"column":67},"end":{"line":68,"column":null}},"loc":{"start":{"line":68,"column":67},"end":{"line":80,"column":1}}}},"branchMap":{"0":{"loc":{"start":{"line":15,"column":4},"end":{"line":17,"column":5}},"type":"if","locations":[{"start":{"line":15,"column":4},"end":{"line":17,"column":5}}]},"1":{"loc":{"start":{"line":51,"column":6},"end":{"line":53,"column":5}},"type":"if","locations":[{"start":{"line":51,"column":6},"end":{"line":53,"column":5}}]},"2":{"loc":{"start":{"line":72,"column":4},"end":{"line":74,"column":5}},"type":"if","locations":[{"start":{"line":72,"column":4},"end":{"line":74,"column":5}}]}},"s":{"0":1,"1":1,"2":1,"3":1,"4":2,"5":2,"6":2,"7":2,"8":1,"9":0,"10":1,"11":1,"12":1,"13":1,"14":1,"15":1,"16":1,"17":1,"18":1,"19":1,"20":1,"21":0,"22":1,"23":1,"24":0,"25":0,"26":0,"27":0,"28":0,"29":0,"30":0,"31":1,"32":1,"33":1,"34":1,"35":1,"36":0,"37":1,"38":1,"39":1,"40":1,"41":1,"42":1,"43":1,"44":1,"45":1,"46":0,"47":0,"48":0,"49":1},"f":{"0":2,"1":2,"2":1,"3":1,"4":0,"5":0,"6":1,"7":1,"8":1,"9":1},"b":{"0":[0],"1":[0],"2":[1]}}
,"C:\\Users\\REMY\\Desktop\\ANDELA\\RWEMAREMY-MY-brand-Back-End-1\\learn-express\\typescript\\src\\controller\\controllers.ts": {"path":"C:\\Users\\REMY\\Desktop\\ANDELA\\RWEMAREMY-MY-brand-Back-End-1\\learn-express\\typescript\\src\\controller\\controllers.ts","statementMap":{"0":{"start":{"line":2,"column":0},"end":{"line":2,"column":50}},"1":{"start":{"line":3,"column":0},"end":{"line":3,"column":34}},"2":{"start":{"line":5,"column":0},"end":{"line":5,"column":54}},"3":{"start":{"line":7,"column":26},"end":{"line":28,"column":2}},"4":{"start":{"line":7,"column":64},"end":{"line":28,"column":2}},"5":{"start":{"line":9,"column":4},"end":{"line":27,"column":5}},"6":{"start":{"line":10,"column":30},"end":{"line":10,"column":38}},"7":{"start":{"line":13,"column":26},"end":{"line":13,"column":61}},"8":{"start":{"line":14,"column":8},"end":{"line":16,"column":9}},"9":{"start":{"line":15,"column":10},"end":{"line":15,"column":74}},"10":{"start":{"line":17,"column":0},"end":{"line":19,"column":1}},"11":{"start":{"line":18,"column":4},"end":{"line":18,"column":null}},"12":{"start":{"line":20,"column":23},"end":{"line":20,"column":70}},"13":{"start":{"line":21,"column":21},"end":{"line":23,"column":14}},"14":{"start":{"line":24,"column":8},"end":{"line":24,"column":35}},"15":{"start":{"line":26,"column":8},"end":{"line":26,"column":55}},"16":{"start":{"line":7,"column":13},"end":{"line":7,"column":26}},"17":{"start":{"line":29,"column":23},"end":{"line":36,"column":2}},"18":{"start":{"line":29,"column":61},"end":{"line":36,"column":2}},"19":{"start":{"line":30,"column":4},"end":{"line":35,"column":5}},"20":{"start":{"line":31,"column":21},"end":{"line":31,"column":38}},"21":{"start":{"line":32,"column":8},"end":{"line":32,"column":35}},"22":{"start":{"line":34,"column":8},"end":{"line":34,"column":55}},"23":{"start":{"line":29,"column":13},"end":{"line":29,"column":23}},"24":{"start":{"line":39,"column":27},"end":{"line":49,"column":2}},"25":{"start":{"line":39,"column":65},"end":{"line":49,"column":2}},"26":{"start":{"line":40,"column":4},"end":{"line":48,"column":5}},"27":{"start":{"line":41,"column":21},"end":{"line":41,"column":55}},"28":{"start":{"line":42,"column":8},"end":{"line":44,"column":9}},"29":{"start":{"line":43,"column":12},"end":{"line":43,"column":71}},"30":{"start":{"line":45,"column":8},"end":{"line":45,"column":23}},"31":{"start":{"line":47,"column":8},"end":{"line":47,"column":66}},"32":{"start":{"line":39,"column":13},"end":{"line":39,"column":27}},"33":{"start":{"line":62,"column":26},"end":{"line":74,"column":2}},"34":{"start":{"line":62,"column":64},"end":{"line":74,"column":2}},"35":{"start":{"line":63,"column":4},"end":{"line":73,"column":5}},"36":{"start":{"line":64,"column":30},"end":{"line":64,"column":38}},"37":{"start":{"line":65,"column":26},"end":{"line":65,"column":61}},"38":{"start":{"line":66,"column":8},"end":{"line":68,"column":9}},"39":{"start":{"line":67,"column":10},"end":{"line":67,"column":75}},"40":{"start":{"line":69,"column":21},"end":{"line":69,"column":98}},"41":{"start":{"line":70,"column":8},"end":{"line":70,"column":35}},"42":{"start":{"line":72,"column":8},"end":{"line":72,"column":55}},"43":{"start":{"line":62,"column":13},"end":{"line":62,"column":26}},"44":{"start":{"line":76,"column":26},"end":{"line":83,"column":2}},"45":{"start":{"line":76,"column":64},"end":{"line":83,"column":2}},"46":{"start":{"line":77,"column":4},"end":{"line":82,"column":5}},"47":{"start":{"line":78,"column":8},"end":{"line":78,"column":52}},"48":{"start":{"line":79,"column":8},"end":{"line":79,"column":46}},"49":{"start":{"line":81,"column":8},"end":{"line":81,"column":66}},"50":{"start":{"line":76,"column":13},"end":{"line":76,"column":26}},"51":{"start":{"line":85,"column":24},"end":{"line":99,"column":4}},"52":{"start":{"line":85,"column":60},"end":{"line":99,"column":4}},"53":{"start":{"line":86,"column":4},"end":{"line":98,"column":5}},"54":{"start":{"line":87,"column":21},"end":{"line":87,"column":31}},"55":{"start":{"line":88,"column":19},"end":{"line":88,"column":42}},"56":{"start":{"line":89,"column":6},"end":{"line":91,"column":7}},"57":{"start":{"line":90,"column":8},"end":{"line":90,"column":67}},"58":{"start":{"line":92,"column":6},"end":{"line":92,"column":19}},"59":{"start":{"line":93,"column":6},"end":{"line":93,"column":24}},"60":{"start":{"line":94,"column":6},"end":{"line":94,"column":50}},"61":{"start":{"line":96,"column":6},"end":{"line":96,"column":27}},"62":{"start":{"line":97,"column":6},"end":{"line":97,"column":65}},"63":{"start":{"line":85,"column":13},"end":{"line":85,"column":24}},"64":{"start":{"line":100,"column":29},"end":{"line":112,"column":2}},"65":{"start":{"line":100,"column":67},"end":{"line":112,"column":2}},"66":{"start":{"line":102,"column":6},"end":{"line":111,"column":5}},"67":{"start":{"line":103,"column":21},"end":{"line":103,"column":55}},"68":{"start":{"line":105,"column":8},"end":{"line":107,"column":9}},"69":{"start":{"line":106,"column":12},"end":{"line":106,"column":71}},"70":{"start":{"line":108,"column":8},"end":{"line":108,"column":23}},"71":{"start":{"line":110,"column":8},"end":{"line":110,"column":66}},"72":{"start":{"line":100,"column":15},"end":{"line":100,"column":29}}},"fnMap":{"0":{"name":"(anonymous_8)","decl":{"start":{"line":7,"column":26},"end":{"line":7,"column":33}},"loc":{"start":{"line":7,"column":64},"end":{"line":28,"column":2}}},"1":{"name":"(anonymous_9)","decl":{"start":{"line":7,"column":64},"end":{"line":7,"column":null}},"loc":{"start":{"line":7,"column":64},"end":{"line":28,"column":1}}},"2":{"name":"(anonymous_10)","decl":{"start":{"line":29,"column":23},"end":{"line":29,"column":30}},"loc":{"start":{"line":29,"column":61},"end":{"line":36,"column":2}}},"3":{"name":"(anonymous_11)","decl":{"start":{"line":29,"column":61},"end":{"line":29,"column":null}},"loc":{"start":{"line":29,"column":61},"end":{"line":36,"column":1}}},"4":{"name":"(anonymous_12)","decl":{"start":{"line":39,"column":27},"end":{"line":39,"column":34}},"loc":{"start":{"line":39,"column":65},"end":{"line":49,"column":2}}},"5":{"name":"(anonymous_13)","decl":{"start":{"line":39,"column":65},"end":{"line":39,"column":null}},"loc":{"start":{"line":39,"column":65},"end":{"line":49,"column":1}}},"6":{"name":"(anonymous_14)","decl":{"start":{"line":62,"column":26},"end":{"line":62,"column":33}},"loc":{"start":{"line":62,"column":64},"end":{"line":74,"column":2}}},"7":{"name":"(anonymous_15)","decl":{"start":{"line":62,"column":64},"end":{"line":62,"column":null}},"loc":{"start":{"line":62,"column":64},"end":{"line":74,"column":1}}},"8":{"name":"(anonymous_16)","decl":{"start":{"line":76,"column":26},"end":{"line":76,"column":33}},"loc":{"start":{"line":76,"column":64},"end":{"line":83,"column":2}}},"9":{"name":"(anonymous_17)","decl":{"start":{"line":76,"column":64},"end":{"line":76,"column":null}},"loc":{"start":{"line":76,"column":64},"end":{"line":83,"column":1}}},"10":{"name":"(anonymous_18)","decl":{"start":{"line":85,"column":24},"end":{"line":85,"column":30}},"loc":{"start":{"line":85,"column":60},"end":{"line":99,"column":4}}},"11":{"name":"(anonymous_19)","decl":{"start":{"line":85,"column":60},"end":{"line":85,"column":null}},"loc":{"start":{"line":85,"column":60},"end":{"line":99,"column":3}}},"12":{"name":"(anonymous_20)","decl":{"start":{"line":100,"column":29},"end":{"line":100,"column":36}},"loc":{"start":{"line":100,"column":67},"end":{"line":112,"column":2}}},"13":{"name":"(anonymous_21)","decl":{"start":{"line":100,"column":67},"end":{"line":100,"column":null}},"loc":{"start":{"line":100,"column":67},"end":{"line":112,"column":1}}}},"branchMap":{"0":{"loc":{"start":{"line":14,"column":8},"end":{"line":16,"column":9}},"type":"if","locations":[{"start":{"line":14,"column":8},"end":{"line":16,"column":9}}]},"1":{"loc":{"start":{"line":17,"column":0},"end":{"line":19,"column":1}},"type":"if","locations":[{"start":{"line":17,"column":0},"end":{"line":19,"column":1}}]},"2":{"loc":{"start":{"line":42,"column":8},"end":{"line":44,"column":9}},"type":"if","locations":[{"start":{"line":42,"column":8},"end":{"line":44,"column":9}}]},"3":{"loc":{"start":{"line":66,"column":8},"end":{"line":68,"column":9}},"type":"if","locations":[{"start":{"line":66,"column":8},"end":{"line":68,"column":9}}]},"4":{"loc":{"start":{"line":89,"column":6},"end":{"line":91,"column":7}},"type":"if","locations":[{"start":{"line":89,"column":6},"end":{"line":91,"column":7}}]},"5":{"loc":{"start":{"line":105,"column":8},"end":{"line":107,"column":9}},"type":"if","locations":[{"start":{"line":105,"column":8},"end":{"line":107,"column":9}}]}},"s":{"0":1,"1":1,"2":1,"3":1,"4":1,"5":1,"6":1,"7":1,"8":1,"9":1,"10":0,"11":0,"12":0,"13":0,"14":0,"15":0,"16":1,"17":1,"18":2,"19":2,"20":2,"21":2,"22":0,"23":1,"24":1,"25":1,"26":1,"27":1,"28":0,"29":0,"30":0,"31":1,"32":1,"33":1,"34":1,"35":1,"36":1,"37":1,"38":1,"39":1,"40":0,"41":0,"42":0,"43":1,"44":1,"45":1,"46":1,"47":1,"48":0,"49":1,"50":1,"51":1,"52":1,"53":1,"54":1,"55":1,"56":0,"57":0,"58":0,"59":0,"60":0,"61":1,"62":1,"63":1,"64":1,"65":0,"66":0,"67":0,"68":0,"69":0,"70":0,"71":0,"72":1},"f":{"0":1,"1":1,"2":2,"3":2,"4":1,"5":1,"6":1,"7":1,"8":1,"9":1,"10":1,"11":1,"12":0,"13":0},"b":{"0":[1],"1":[0],"2":[0],"3":[1],"4":[0],"5":[0]}}
,"C:\\Users\\REMY\\Desktop\\ANDELA\\RWEMAREMY-MY-brand-Back-End-1\\learn-express\\typescript\\src\\controller\\user.ts": {"path":"C:\\Users\\REMY\\Desktop\\ANDELA\\RWEMAREMY-MY-brand-Back-End-1\\learn-express\\typescript\\src\\controller\\user.ts","statementMap":{"0":{"start":{"line":1,"column":0},"end":{"line":1,"column":31}},"1":{"start":{"line":2,"column":0},"end":{"line":2,"column":30}},"2":{"start":{"line":3,"column":0},"end":{"line":3,"column":28}},"3":{"start":{"line":4,"column":0},"end":{"line":4,"column":23}},"4":{"start":{"line":5,"column":0},"end":{"line":5,"column":72}},"5":{"start":{"line":7,"column":0},"end":{"line":7,"column":34}},"6":{"start":{"line":9,"column":0},"end":{"line":9,"column":16}},"7":{"start":{"line":11,"column":26},"end":{"line":46,"column":2}},"8":{"start":{"line":11,"column":64},"end":{"line":46,"column":2}},"9":{"start":{"line":12,"column":19},"end":{"line":12,"column":70}},"10":{"start":{"line":13,"column":20},"end":{"line":13,"column":54}},"11":{"start":{"line":14,"column":2},"end":{"line":17,"column":3}},"12":{"start":{"line":15,"column":4},"end":{"line":15,"column":74}},"13":{"start":{"line":16,"column":4},"end":{"line":16,"column":11}},"14":{"start":{"line":19,"column":2},"end":{"line":45,"column":3}},"15":{"start":{"line":20,"column":17},"end":{"line":20,"column":62}},"16":{"start":{"line":21,"column":4},"end":{"line":42,"column":5}},"17":{"start":{"line":22,"column":6},"end":{"line":24,"column":70}},"18":{"start":{"line":25,"column":6},"end":{"line":25,"column":13}},"19":{"start":{"line":27,"column":29},"end":{"line":27,"column":66}},"20":{"start":{"line":28,"column":22},"end":{"line":28,"column":73}},"21":{"start":{"line":29,"column":22},"end":{"line":29,"column":42}},"22":{"start":{"line":30,"column":6},"end":{"line":41,"column":7}},"23":{"start":{"line":31,"column":27},"end":{"line":31,"column":72}},"24":{"start":{"line":32,"column":28},"end":{"line":32,"column":61}},"25":{"start":{"line":33,"column":22},"end":{"line":35,"column":10}},"26":{"start":{"line":37,"column":8},"end":{"line":40,"column":11}},"27":{"start":{"line":44,"column":4},"end":{"line":44,"column":74}},"28":{"start":{"line":11,"column":13},"end":{"line":11,"column":26}},"29":{"start":{"line":48,"column":25},"end":{"line":95,"column":2}},"30":{"start":{"line":48,"column":63},"end":{"line":95,"column":2}},"31":{"start":{"line":49,"column":19},"end":{"line":49,"column":58}},"32":{"start":{"line":51,"column":20},"end":{"line":51,"column":52}},"33":{"start":{"line":52,"column":2},"end":{"line":56,"column":3}},"34":{"start":{"line":53,"column":4},"end":{"line":55,"column":61}},"35":{"start":{"line":58,"column":2},"end":{"line":94,"column":3}},"36":{"start":{"line":59,"column":17},"end":{"line":59,"column":62}},"37":{"start":{"line":60,"column":4},"end":{"line":89,"column":5}},"38":{"start":{"line":61,"column":22},"end":{"line":63,"column":null}},"39":{"start":{"line":65,"column":6},"end":{"line":82,"column":7}},"40":{"start":{"line":66,"column":8},"end":{"line":70,"column":11}},"41":{"start":{"line":72,"column":27},"end":{"line":72,"column":72}},"42":{"start":{"line":73,"column":28},"end":{"line":73,"column":61}},"43":{"start":{"line":74,"column":22},"end":{"line":76,"column":10}},"44":{"start":{"line":78,"column":8},"end":{"line":81,"column":11}},"45":{"start":{"line":84,"column":6},"end":{"line":88,"column":9}},"46":{"start":{"line":91,"column":4},"end":{"line":93,"column":61}},"47":{"start":{"line":48,"column":13},"end":{"line":48,"column":25}}},"fnMap":{"0":{"name":"(anonymous_8)","decl":{"start":{"line":11,"column":26},"end":{"line":11,"column":33}},"loc":{"start":{"line":11,"column":64},"end":{"line":46,"column":2}}},"1":{"name":"(anonymous_9)","decl":{"start":{"line":11,"column":64},"end":{"line":11,"column":null}},"loc":{"start":{"line":11,"column":64},"end":{"line":46,"column":1}}},"2":{"name":"(anonymous_10)","decl":{"start":{"line":48,"column":25},"end":{"line":48,"column":32}},"loc":{"start":{"line":48,"column":63},"end":{"line":95,"column":2}}},"3":{"name":"(anonymous_11)","decl":{"start":{"line":48,"column":63},"end":{"line":48,"column":null}},"loc":{"start":{"line":48,"column":63},"end":{"line":95,"column":1}}}},"branchMap":{"0":{"loc":{"start":{"line":14,"column":2},"end":{"line":17,"column":3}},"type":"if","locations":[{"start":{"line":14,"column":2},"end":{"line":17,"column":3}}]},"1":{"loc":{"start":{"line":21,"column":4},"end":{"line":42,"column":5}},"type":"if","locations":[{"start":{"line":21,"column":4},"end":{"line":42,"column":5}},{"start":{"line":26,"column":11},"end":{"line":42,"column":5}}]},"2":{"loc":{"start":{"line":30,"column":6},"end":{"line":41,"column":7}},"type":"if","locations":[{"start":{"line":30,"column":6},"end":{"line":41,"column":7}}]},"3":{"loc":{"start":{"line":31,"column":27},"end":{"line":31,"column":72}},"type":"binary-expr","locations":[{"start":{"line":31,"column":27},"end":{"line":31,"column":60}},{"start":{"line":31,"column":64},"end":{"line":31,"column":72}}]},"4":{"loc":{"start":{"line":32,"column":28},"end":{"line":32,"column":61}},"type":"binary-expr","locations":[{"start":{"line":32,"column":28},"end":{"line":32,"column":53}},{"start":{"line":32,"column":57},"end":{"line":32,"column":61}}]},"5":{"loc":{"start":{"line":52,"column":2},"end":{"line":56,"column":3}},"type":"if","locations":[{"start":{"line":52,"column":2},"end":{"line":56,"column":3}}]},"6":{"loc":{"start":{"line":60,"column":4},"end":{"line":89,"column":5}},"type":"if","locations":[{"start":{"line":60,"column":4},"end":{"line":89,"column":5}},{"start":{"line":83,"column":11},"end":{"line":89,"column":5}}]},"7":{"loc":{"start":{"line":65,"column":6},"end":{"line":82,"column":7}},"type":"if","locations":[{"start":{"line":65,"column":6},"end":{"line":82,"column":7}},{"start":{"line":71,"column":13},"end":{"line":82,"column":7}}]},"8":{"loc":{"start":{"line":72,"column":27},"end":{"line":72,"column":72}},"type":"binary-expr","locations":[{"start":{"line":72,"column":27},"end":{"line":72,"column":60}},{"start":{"line":72,"column":64},"end":{"line":72,"column":72}}]},"9":{"loc":{"start":{"line":73,"column":28},"end":{"line":73,"column":61}},"type":"binary-expr","locations":[{"start":{"line":73,"column":28},"end":{"line":73,"column":53}},{"start":{"line":73,"column":57},"end":{"line":73,"column":61}}]}},"s":{"0":1,"1":1,"2":1,"3":1,"4":1,"5":1,"6":1,"7":1,"8":1,"9":1,"10":1,"11":1,"12":1,"13":1,"14":0,"15":0,"16":0,"17":0,"18":0,"19":0,"20":0,"21":0,"22":0,"23":0,"24":0,"25":0,"26":0,"27":0,"28":1,"29":1,"30":2,"31":2,"32":2,"33":2,"34":0,"35":2,"36":2,"37":2,"38":2,"39":2,"40":0,"41":2,"42":2,"43":2,"44":2,"45":0,"46":0,"47":1},"f":{"0":1,"1":1,"2":2,"3":2},"b":{"0":[1],"1":[0,0],"2":[0],"3":[0,0],"4":[0,0],"5":[0],"6":[2,0],"7":[0,2],"8":[2,2],"9":[2,2]}}
,"C:\\Users\\REMY\\Desktop\\ANDELA\\RWEMAREMY-MY-brand-Back-End-1\\learn-express\\typescript\\src\\models\\Querries.ts": {"path":"C:\\Users\\REMY\\Desktop\\ANDELA\\RWEMAREMY-MY-brand-Back-End-1\\learn-express\\typescript\\src\\models\\Querries.ts","statementMap":{"0":{"start":{"line":2,"column":0},"end":{"line":2,"column":38}},"1":{"start":{"line":12,"column":23},"end":{"line":17,"column":4}},"2":{"start":{"line":18,"column":15},"end":{"line":18,"column":43}},"3":{"start":{"line":19,"column":2},"end":{"line":19,"column":24}}},"fnMap":{},"branchMap":{},"s":{"0":1,"1":1,"2":1,"3":1},"f":{},"b":{}}
,"C:\\Users\\REMY\\Desktop\\ANDELA\\RWEMAREMY-MY-brand-Back-End-1\\learn-express\\typescript\\src\\models\\comment.ts": {"path":"C:\\Users\\REMY\\Desktop\\ANDELA\\RWEMAREMY-MY-brand-Back-End-1\\learn-express\\typescript\\src\\models\\comment.ts","statementMap":{"0":{"start":{"line":2,"column":0},"end":{"line":2,"column":48}},"1":{"start":{"line":13,"column":22},"end":{"line":20,"column":2}},"2":{"start":{"line":22,"column":16},"end":{"line":22,"column":47}},"3":{"start":{"line":24,"column":0},"end":{"line":24,"column":23}}},"fnMap":{},"branchMap":{},"s":{"0":1,"1":1,"2":1,"3":1},"f":{},"b":{}}
,"C:\\Users\\REMY\\Desktop\\ANDELA\\RWEMAREMY-MY-brand-Back-End-1\\learn-express\\typescript\\src\\models\\post.ts": {"path":"C:\\Users\\REMY\\Desktop\\ANDELA\\RWEMAREMY-MY-brand-Back-End-1\\learn-express\\typescript\\src\\models\\post.ts","statementMap":{"0":{"start":{"line":1,"column":0},"end":{"line":1,"column":31}},"1":{"start":{"line":3,"column":16},"end":{"line":10,"column":3}},"2":{"start":{"line":11,"column":14},"end":{"line":15,"column":null}},"3":{"start":{"line":17,"column":1},"end":{"line":17,"column":null}}},"fnMap":{},"branchMap":{},"s":{"0":1,"1":1,"2":1,"3":1},"f":{},"b":{}}
,"C:\\Users\\REMY\\Desktop\\ANDELA\\RWEMAREMY-MY-brand-Back-End-1\\learn-express\\typescript\\src\\models\\user.ts": {"path":"C:\\Users\\REMY\\Desktop\\ANDELA\\RWEMAREMY-MY-brand-Back-End-1\\learn-express\\typescript\\src\\models\\user.ts","statementMap":{"0":{"start":{"line":1,"column":0},"end":{"line":1,"column":32}},"1":{"start":{"line":10,"column":19},"end":{"line":31,"column":2}},"2":{"start":{"line":33,"column":0},"end":{"line":33,"column":50}}},"fnMap":{},"branchMap":{},"s":{"0":1,"1":1,"2":1},"f":{},"b":{}}
,"C:\\Users\\REMY\\Desktop\\ANDELA\\RWEMAREMY-MY-brand-Back-End-1\\learn-express\\typescript\\src\\routes\\routes.ts": {"path":"C:\\Users\\REMY\\Desktop\\ANDELA\\RWEMAREMY-MY-brand-Back-End-1\\learn-express\\typescript\\src\\routes\\routes.ts","statementMap":{"0":{"start":{"line":1,"column":0},"end":{"line":1,"column":57}},"1":{"start":{"line":2,"column":0},"end":{"line":2,"column":30}},"2":{"start":{"line":3,"column":0},"end":{"line":3,"column":120}},"3":{"start":{"line":4,"column":0},"end":{"line":4,"column":47}},"4":{"start":{"line":5,"column":0},"end":{"line":5,"column":40}},"5":{"start":{"line":6,"column":0},"end":{"line":6,"column":45}},"6":{"start":{"line":8,"column":15},"end":{"line":8,"column":31}},"7":{"start":{"line":11,"column":0},"end":{"line":11,"column":66}},"8":{"start":{"line":12,"column":0},"end":{"line":12,"column":42}},"9":{"start":{"line":13,"column":0},"end":{"line":13,"column":50}},"10":{"start":{"line":14,"column":0},"end":{"line":14,"column":51}},"11":{"start":{"line":15,"column":0},"end":{"line":15,"column":52}},"12":{"start":{"line":19,"column":0},"end":{"line":19,"column":56}},"13":{"start":{"line":20,"column":0},"end":{"line":20,"column":53}},"14":{"start":{"line":21,"column":0},"end":{"line":21,"column":60}},"15":{"start":{"line":22,"column":0},"end":{"line":22,"column":62}},"16":{"start":{"line":23,"column":0},"end":{"line":23,"column":61}},"17":{"start":{"line":24,"column":0},"end":{"line":24,"column":52}},"18":{"start":{"line":27,"column":0},"end":{"line":27,"column":42}},"19":{"start":{"line":28,"column":0},"end":{"line":28,"column":40}},"20":{"start":{"line":29,"column":0},"end":{"line":29,"column":48}},"21":{"start":{"line":32,"column":0},"end":{"line":32,"column":53}},"22":{"start":{"line":33,"column":0},"end":{"line":33,"column":55}},"23":{"start":{"line":36,"column":0},"end":{"line":36,"column":43}},"24":{"start":{"line":37,"column":0},"end":{"line":37,"column":null}},"25":{"start":{"line":39,"column":0},"end":{"line":39,"column":null}}},"fnMap":{},"branchMap":{},"s":{"0":1,"1":1,"2":1,"3":1,"4":1,"5":1,"6":1,"7":1,"8":1,"9":1,"10":1,"11":1,"12":1,"13":1,"14":1,"15":1,"16":1,"17":1,"18":1,"19":1,"20":1,"21":1,"22":1,"23":1,"24":1,"25":1},"f":{},"b":{}}
,"C:\\Users\\REMY\\Desktop\\ANDELA\\RWEMAREMY-MY-brand-Back-End-1\\learn-express\\typescript\\src\\validations\\Querriesvalidation.ts": {"path":"C:\\Users\\REMY\\Desktop\\ANDELA\\RWEMAREMY-MY-brand-Back-End-1\\learn-express\\typescript\\src\\validations\\Querriesvalidation.ts","statementMap":{"0":{"start":{"line":1,"column":0},"end":{"line":1,"column":22}},"1":{"start":{"line":2,"column":13},"end":{"line":6,"column":null}}},"fnMap":{},"branchMap":{},"s":{"0":1,"1":1},"f":{},"b":{}}
,"C:\\Users\\REMY\\Desktop\\ANDELA\\RWEMAREMY-MY-brand-Back-End-1\\learn-express\\typescript\\src\\validations\\commentsvalidation.ts": {"path":"C:\\Users\\REMY\\Desktop\\ANDELA\\RWEMAREMY-MY-brand-Back-End-1\\learn-express\\typescript\\src\\validations\\commentsvalidation.ts","statementMap":{"0":{"start":{"line":1,"column":0},"end":{"line":1,"column":22}},"1":{"start":{"line":2,"column":13},"end":{"line":7,"column":null}}},"fnMap":{},"branchMap":{},"s":{"0":1,"1":1},"f":{},"b":{}}
,"C:\\Users\\REMY\\Desktop\\ANDELA\\RWEMAREMY-MY-brand-Back-End-1\\learn-express\\typescript\\src\\validations\\postvalidation.ts": {"path":"C:\\Users\\REMY\\Desktop\\ANDELA\\RWEMAREMY-MY-brand-Back-End-1\\learn-express\\typescript\\src\\validations\\postvalidation.ts","statementMap":{"0":{"start":{"line":1,"column":0},"end":{"line":1,"column":22}},"1":{"start":{"line":2,"column":13},"end":{"line":5,"column":null}}},"fnMap":{},"branchMap":{},"s":{"0":1,"1":1},"f":{},"b":{}}
,"C:\\Users\\REMY\\Desktop\\ANDELA\\RWEMAREMY-MY-brand-Back-End-1\\learn-express\\typescript\\src\\validations\\userval.ts": {"path":"C:\\Users\\REMY\\Desktop\\ANDELA\\RWEMAREMY-MY-brand-Back-End-1\\learn-express\\typescript\\src\\validations\\userval.ts","statementMap":{"0":{"start":{"line":1,"column":0},"end":{"line":1,"column":22}},"1":{"start":{"line":3,"column":13},"end":{"line":7,"column":null}},"2":{"start":{"line":9,"column":13},"end":{"line":12,"column":null}}},"fnMap":{},"branchMap":{},"s":{"0":1,"1":1,"2":1},"f":{},"b":{}}
}
