TN:
SF:src\index.ts
FNF:0
FNH:0
DA:1,1
DA:3,1
DA:4,1
DA:5,1
DA:6,1
DA:19,1
DA:20,1
DA:21,1
DA:22,1
DA:24,1
DA:26,1
LF:11
LH:11
BRF:0
BRH:0
end_of_record
TN:
SF:src\accesories\cloudinary.ts
FNF:0
FNH:0
DA:1,1
DA:2,1
DA:3,1
DA:4,1
DA:9,1
LF:5
LH:5
BRF:0
BRH:0
end_of_record
TN:
SF:src\accesories\multer.ts
FN:6,(anonymous_1)
FNF:1
FNH:0
FNDA:0,(anonymous_1)
DA:1,1
DA:2,1
DA:4,1
DA:6,1
DA:7,0
DA:9,0
DA:10,0
DA:11,0
DA:14,0
DA:17,1
DA:22,1
LF:11
LH:6
BRDA:9,0,0,0
BRDA:9,1,0,0
BRDA:9,1,1,0
BRDA:9,1,2,0
BRF:4
BRH:0
end_of_record
TN:
SF:src\controller\Querries.ts
FN:6,(anonymous_8)
FN:6,(anonymous_9)
FN:30,(anonymous_10)
FN:30,(anonymous_11)
FN:56,(anonymous_12)
FN:56,(anonymous_13)
FNF:6
FNH:6
FNDA:2,(anonymous_8)
FNDA:2,(anonymous_9)
FNDA:2,(anonymous_10)
FNDA:2,(anonymous_11)
FNDA:2,(anonymous_12)
FNDA:2,(anonymous_13)
DA:2,1
DA:4,1
DA:6,2
DA:7,2
DA:8,2
DA:9,2
DA:10,2
DA:11,1
DA:13,1
DA:14,1
DA:15,0
DA:17,1
DA:23,1
DA:24,1
DA:26,0
DA:30,2
DA:31,2
DA:32,2
DA:33,2
DA:35,0
DA:56,2
DA:57,2
DA:58,2
DA:59,1
DA:60,1
DA:62,0
DA:64,1
LF:27
LH:23
BRDA:10,0,0,1
BRDA:14,1,0,0
BRDA:59,2,0,1
BRF:3
BRH:2
end_of_record
TN:
SF:src\controller\commentController.ts
FN:10,(anonymous_8)
FN:10,(anonymous_9)
FN:40,(anonymous_10)
FN:40,(anonymous_11)
FN:52,(anonymous_12)
FN:52,(anonymous_13)
FN:65,(anonymous_14)
FN:65,(anonymous_15)
FN:73,(anonymous_16)
FN:73,(anonymous_17)
FNF:10
FNH:8
FNDA:2,(anonymous_8)
FNDA:2,(anonymous_9)
FNDA:1,(anonymous_10)
FNDA:1,(anonymous_11)
FNDA:0,(anonymous_12)
FNDA:0,(anonymous_13)
FNDA:1,(anonymous_14)
FNDA:1,(anonymous_15)
FNDA:1,(anonymous_16)
FNDA:1,(anonymous_17)
DA:3,1
DA:4,1
DA:6,1
DA:10,2
DA:11,2
DA:13,2
DA:15,2
DA:16,1
DA:17,1
DA:20,0
DA:26,0
DA:31,0
DA:32,0
DA:34,0
DA:35,0
DA:37,1
DA:40,1
DA:41,1
DA:42,1
DA:44,1
DA:46,1
DA:48,0
DA:52,1
DA:53,0
DA:54,0
DA:55,0
DA:56,0
DA:60,0
DA:62,0
DA:65,1
DA:66,1
DA:67,1
DA:68,0
DA:70,1
DA:73,1
DA:74,1
DA:75,1
DA:76,1
DA:77,1
DA:78,1
DA:80,0
DA:85,0
DA:87,0
LF:43
LH:26
BRDA:16,0,0,1
BRDA:31,1,0,0
BRDA:55,2,0,0
BRDA:77,3,0,1
BRF:4
BRH:2
end_of_record
TN:
SF:src\controller\controllers.ts
FN:7,(anonymous_8)
FN:7,(anonymous_9)
FN:29,(anonymous_10)
FN:29,(anonymous_11)
FN:39,(anonymous_12)
FN:39,(anonymous_13)
FN:62,(anonymous_14)
FN:62,(anonymous_15)
FN:76,(anonymous_16)
FN:76,(anonymous_17)
FN:85,(anonymous_18)
FN:85,(anonymous_19)
FN:100,(anonymous_20)
FN:100,(anonymous_21)
FNF:14
FNH:10
FNDA:1,(anonymous_8)
FNDA:1,(anonymous_9)
FNDA:2,(anonymous_10)
FNDA:2,(anonymous_11)
FNDA:1,(anonymous_12)
FNDA:1,(anonymous_13)
FNDA:1,(anonymous_14)
FNDA:1,(anonymous_15)
FNDA:0,(anonymous_16)
FNDA:0,(anonymous_17)
FNDA:1,(anonymous_18)
FNDA:1,(anonymous_19)
FNDA:0,(anonymous_20)
FNDA:0,(anonymous_21)
DA:2,1
DA:3,1
DA:5,1
DA:7,1
DA:9,1
DA:10,1
DA:13,1
DA:14,1
DA:15,1
DA:17,0
DA:18,0
DA:20,0
DA:21,0
DA:24,0
DA:26,0
DA:29,2
DA:30,2
DA:31,2
DA:32,2
DA:34,0
DA:39,1
DA:40,1
DA:41,1
DA:42,1
DA:43,1
DA:45,0
DA:47,0
DA:62,1
DA:63,1
DA:64,1
DA:65,1
DA:66,1
DA:67,1
DA:69,0
DA:70,0
DA:72,0
DA:76,1
DA:77,0
DA:78,0
DA:79,0
DA:81,0
DA:85,1
DA:86,1
DA:87,1
DA:88,1
DA:89,0
DA:90,0
DA:92,0
DA:93,0
DA:94,0
DA:96,1
DA:97,1
DA:100,1
DA:102,0
DA:103,0
DA:105,0
DA:106,0
DA:108,0
DA:110,0
LF:59
LH:32
BRDA:14,0,0,1
BRDA:17,1,0,0
BRDA:42,2,0,1
BRDA:66,3,0,1
BRDA:89,4,0,0
BRDA:105,5,0,0
BRF:6
BRH:3
end_of_record
TN:
SF:src\controller\user.ts
FN:11,(anonymous_8)
FN:11,(anonymous_9)
FN:48,(anonymous_10)
FN:48,(anonymous_11)
FNF:4
FNH:4
FNDA:1,(anonymous_8)
FNDA:1,(anonymous_9)
FNDA:3,(anonymous_10)
FNDA:3,(anonymous_11)
DA:1,1
DA:2,1
DA:3,1
DA:4,1
DA:5,1
DA:7,1
DA:9,1
DA:11,1
DA:12,1
DA:13,1
DA:14,1
DA:15,1
DA:16,1
DA:19,0
DA:20,0
DA:21,0
DA:22,0
DA:25,0
DA:27,0
DA:28,0
DA:29,0
DA:30,0
DA:31,0
DA:32,0
DA:33,0
DA:37,0
DA:44,0
DA:48,3
DA:49,3
DA:51,3
DA:52,3
DA:53,0
DA:58,3
DA:59,3
DA:60,3
DA:61,3
DA:65,3
DA:66,0
DA:72,3
DA:73,3
DA:74,3
DA:78,3
DA:85,0
DA:92,0
LF:44
LH:26
BRDA:14,0,0,1
BRDA:21,1,0,0
BRDA:21,1,1,0
BRDA:30,2,0,0
BRDA:31,3,0,0
BRDA:31,3,1,0
BRDA:32,4,0,0
BRDA:32,4,1,0
BRDA:52,5,0,0
BRDA:60,6,0,3
BRDA:60,6,1,0
BRDA:65,7,0,0
BRDA:65,7,1,3
BRDA:72,8,0,3
BRDA:72,8,1,3
BRDA:73,9,0,3
BRDA:73,9,1,3
BRF:17
BRH:7
end_of_record
TN:
SF:src\middlewear\authenticatepass.ts
FN:15,(anonymous_8)
FN:15,(anonymous_9)
FN:28,(anonymous_10)
FN:29,(anonymous_11)
FN:41,(anonymous_12)
FN:45,(anonymous_13)
FNF:6
FNH:6
FNDA:1,(anonymous_8)
FNDA:1,(anonymous_9)
FNDA:2,(anonymous_10)
FNDA:2,(anonymous_11)
FNDA:1,(anonymous_12)
FNDA:1,(anonymous_13)
DA:2,1
DA:4,1
DA:6,1
DA:7,1
DA:9,1
DA:10,1
DA:14,1
DA:15,1
DA:16,1
DA:17,1
DA:18,1
DA:19,0
DA:21,1
DA:23,0
DA:28,1
DA:29,2
DA:30,2
DA:31,0
DA:33,2
DA:34,1
DA:36,1
DA:37,1
DA:41,1
DA:45,1
DA:46,1
DA:47,0
DA:50,1
DA:51,0
DA:54,1
DA:55,1
DA:57,0
LF:31
LH:25
BRDA:12,0,0,1
BRDA:12,0,1,1
BRDA:18,1,0,0
BRDA:30,2,0,0
BRDA:33,3,0,1
BRDA:46,4,0,0
BRDA:50,5,0,0
BRDA:54,6,0,1
BRDA:54,6,1,0
BRF:9
BRH:4
end_of_record
TN:
SF:src\models\Querries.ts
FNF:0
FNH:0
DA:2,1
DA:12,1
DA:18,1
DA:19,1
LF:4
LH:4
BRF:0
BRH:0
end_of_record
TN:
SF:src\models\comment.ts
FNF:0
FNH:0
DA:2,1
DA:13,1
DA:22,1
DA:24,1
LF:4
LH:4
BRF:0
BRH:0
end_of_record
TN:
SF:src\models\post.ts
FNF:0
FNH:0
DA:1,1
DA:3,1
DA:11,1
DA:17,1
LF:4
LH:4
BRF:0
BRH:0
end_of_record
TN:
SF:src\models\user.ts
FNF:0
FNH:0
DA:1,1
DA:10,1
DA:33,1
LF:3
LH:3
BRF:0
BRH:0
end_of_record
TN:
SF:src\routes\routes.ts
FNF:0
FNH:0
DA:1,1
DA:2,1
DA:3,1
DA:10,1
DA:11,1
DA:12,1
DA:13,1
DA:14,1
DA:16,1
DA:22,1
DA:23,1
DA:24,1
DA:25,1
DA:28,1
DA:29,1
DA:30,1
DA:31,1
DA:32,1
DA:33,1
DA:35,1
DA:36,1
DA:37,1
DA:40,1
DA:41,1
DA:44,1
DA:45,1
DA:47,1
LF:27
LH:27
BRF:0
BRH:0
end_of_record
TN:
SF:src\validations\Querriesvalidation.ts
FNF:0
FNH:0
DA:1,1
DA:2,1
LF:2
LH:2
BRF:0
BRH:0
end_of_record
TN:
SF:src\validations\commentsvalidation.ts
FNF:0
FNH:0
DA:1,1
DA:2,1
LF:2
LH:2
BRF:0
BRH:0
end_of_record
TN:
SF:src\validations\postvalidation.ts
FNF:0
FNH:0
DA:1,1
DA:2,1
LF:2
LH:2
BRF:0
BRH:0
end_of_record
TN:
SF:src\validations\userval.ts
FNF:0
FNH:0
DA:1,1
DA:3,1
DA:9,1
LF:3
LH:3
BRF:0
BRH:0
end_of_record
